16:00:33.013 [main] INFO  com.intuit.karate.Runner - using system property 'karate.options': --tags @TEST-4
16:00:33.162 [main] DEBUG com.intuit.karate.Suite - [config] classpath:karate-config.js
16:00:33.967 [main] INFO  com.intuit.karate - karate.env system property was: null 
16:00:34.241 [main] DEBUG com.intuit.karate - request:
1 > PUT https://petstore.swagger.io/v2/pet
1 > Content-Type: application/json; charset=UTF-8
1 > Content-Length: 139
1 > Host: petstore.swagger.io
1 > Connection: Keep-Alive
1 > User-Agent: Apache-HttpClient/4.5.14 (Java/17.0.11)
1 > Accept-Encoding: gzip,deflate
{"id":"3","category":{"id":0,"name":"string"},"name":"kills","photoUrls":["string"],"tags":[{"id":0,"name":"string"}],"status":"available"}

16:00:34.752 [main] DEBUG com.intuit.karate - response time in milliseconds: 507
1 < 200
1 < Date: Sat, 21 Feb 2026 21:00:34 GMT
1 < Content-Type: application/json
1 < Transfer-Encoding: chunked
1 < Connection: keep-alive
1 < Access-Control-Allow-Origin: *
1 < Access-Control-Allow-Methods: GET, POST, DELETE, PUT
1 < Access-Control-Allow-Headers: Content-Type, api_key, Authorization
1 < Server: Jetty(9.2.9.v20150224)
{"id":3,"category":{"id":0,"name":"string"},"name":"kills","photoUrls":["string"],"tags":[{"id":0,"name":"string"}],"status":"available"}

16:00:34.755 [main] INFO  com.intuit.karate - [print] {
  "id": 3,
  "category": {
    "id": 0,
    "name": "string"
  },
  "name": "kills",
  "photoUrls": [
    "string"
  ],
  "tags": [
    {
      "id": 0,
      "name": "string"
    }
  ],
  "status": "available"
}
 
